2023-11-28T09:21:38.037Z error: Error creating part: ReferenceError: ffmpeg is not defined
2023-11-28T09:22:09.176Z error: Error creating part: Error: Cannot find ffprobe
2023-11-28T09:39:02.049Z error: Error creating part: Error: Cannot find ffprobe
2023-11-28T09:54:20.115Z error: Error creating part: Error: spawn undefined ENOENT
2023-11-28T09:54:36.359Z error: Error creating part: Error: spawn undefined ENOENT
2023-11-28T09:55:42.686Z error: Error creating part: Error: spawn undefined ENOENT
2023-11-28T09:56:11.945Z error: Error creating part: Error: ffprobe exited with code 2880417800
ffmpeg version 2023-11-27-git-0ea9e26636-full_build-www.gyan.dev Copyright (c) 2000-2023 the FFmpeg developers
  built with gcc 12.2.0 (Rev10, Built by MSYS2 project)
  configuration: --enable-gpl --enable-version3 --enable-static --pkg-config=pkgconf --disable-w32threads --disable-autodetect --enable-fontconfig --enable-iconv --enable-gnutls --enable-libxml2 --enable-gmp --enable-bzlib --enable-lzma --enable-libsnappy --enable-zlib --enable-librist --enable-libsrt --enable-libssh --enable-libzmq --enable-avisynth --enable-libbluray --enable-libcaca --enable-sdl2 --enable-libaribb24 --enable-libaribcaption --enable-libdav1d --enable-libdavs2 --enable-libuavs3d --enable-libzvbi --enable-librav1e --enable-libsvtav1 --enable-libwebp --enable-libx264 --enable-libx265 --enable-libxavs2 --enable-libxvid --enable-libaom --enable-libjxl --enable-libopenjpeg --enable-libvpx --enable-mediafoundation --enable-libass --enable-frei0r --enable-libfreetype --enable-libfribidi --enable-libharfbuzz --enable-liblensfun --enable-libvidstab --enable-libvmaf --enable-libzimg --enable-amf --enable-cuda-llvm --enable-cuvid --enable-ffnvcodec --enable-nvdec --enable-nvenc --enable-dxva2 --enable-d3d11va --enable-libvpl --enable-libshaderc --enable-vulkan --enable-libplacebo --enable-opencl --enable-libcdio --enable-libgme --enable-libmodplug --enable-libopenmpt --enable-libopencore-amrwb --enable-libmp3lame --enable-libshine --enable-libtheora --enable-libtwolame --enable-libvo-amrwbenc --enable-libcodec2 --enable-libilbc --enable-libgsm --enable-libopencore-amrnb --enable-libopus --enable-libspeex --enable-libvorbis --enable-ladspa --enable-libbs2b --enable-libflite --enable-libmysofa --enable-librubberband --enable-libsoxr --enable-chromaprint
  libavutil      58. 32.100 / 58. 32.100
  libavcodec     60. 35.100 / 60. 35.100
  libavformat    60. 18.100 / 60. 18.100
  libavdevice    60.  4.100 / 60.  4.100
  libavfilter     9. 13.100 /  9. 13.100
  libswscale      7.  6.100 /  7.  6.100
  libswresample   4. 13.100 /  4. 13.100
  libpostproc    57.  4.100 / 57.  4.100
Unrecognized option 'show_streams'.
Error splitting the argument list: Option not found

2023-11-28T09:56:58.427Z error: Error creating part: Error: ffprobe exited with code 2880417800
ffmpeg version 2023-11-27-git-0ea9e26636-full_build-www.gyan.dev Copyright (c) 2000-2023 the FFmpeg developers
  built with gcc 12.2.0 (Rev10, Built by MSYS2 project)
  configuration: --enable-gpl --enable-version3 --enable-static --pkg-config=pkgconf --disable-w32threads --disable-autodetect --enable-fontconfig --enable-iconv --enable-gnutls --enable-libxml2 --enable-gmp --enable-bzlib --enable-lzma --enable-libsnappy --enable-zlib --enable-librist --enable-libsrt --enable-libssh --enable-libzmq --enable-avisynth --enable-libbluray --enable-libcaca --enable-sdl2 --enable-libaribb24 --enable-libaribcaption --enable-libdav1d --enable-libdavs2 --enable-libuavs3d --enable-libzvbi --enable-librav1e --enable-libsvtav1 --enable-libwebp --enable-libx264 --enable-libx265 --enable-libxavs2 --enable-libxvid --enable-libaom --enable-libjxl --enable-libopenjpeg --enable-libvpx --enable-mediafoundation --enable-libass --enable-frei0r --enable-libfreetype --enable-libfribidi --enable-libharfbuzz --enable-liblensfun --enable-libvidstab --enable-libvmaf --enable-libzimg --enable-amf --enable-cuda-llvm --enable-cuvid --enable-ffnvcodec --enable-nvdec --enable-nvenc --enable-dxva2 --enable-d3d11va --enable-libvpl --enable-libshaderc --enable-vulkan --enable-libplacebo --enable-opencl --enable-libcdio --enable-libgme --enable-libmodplug --enable-libopenmpt --enable-libopencore-amrwb --enable-libmp3lame --enable-libshine --enable-libtheora --enable-libtwolame --enable-libvo-amrwbenc --enable-libcodec2 --enable-libilbc --enable-libgsm --enable-libopencore-amrnb --enable-libopus --enable-libspeex --enable-libvorbis --enable-ladspa --enable-libbs2b --enable-libflite --enable-libmysofa --enable-librubberband --enable-libsoxr --enable-chromaprint
  libavutil      58. 32.100 / 58. 32.100
  libavcodec     60. 35.100 / 60. 35.100
  libavformat    60. 18.100 / 60. 18.100
  libavdevice    60.  4.100 / 60.  4.100
  libavfilter     9. 13.100 /  9. 13.100
  libswscale      7.  6.100 /  7.  6.100
  libswresample   4. 13.100 /  4. 13.100
  libpostproc    57.  4.100 / 57.  4.100
Unrecognized option 'show_streams'.
Error splitting the argument list: Option not found

2023-11-30T12:32:52.211Z error: Error creating part: ReferenceError: crypto is not defined
2023-11-30T12:33:57.383Z error: Error creating part: ReferenceError: SecureLink is not defined
2023-12-02T05:53:51.088Z error: Error in getCourseById for courseId 23
2023-12-02T05:57:54.441Z error: Error in getCourseById for courseId 23
2023-12-02T06:02:55.120Z error: Error in getCourseById for courseId part
2023-12-02T06:06:10.217Z error: Error in getCourseById for courseId parts
2023-12-02T06:21:45.139Z error: Error in getCourseById for courseId 23
2023-12-02T07:48:46.696Z error: Error in getChpaterWithParts: TypeORMError: Relation with property path parts in entity was not found.
2023-12-02T07:51:43.445Z error: Error in getChpaterWithParts: TypeORMError: Relation with property path parts in entity was not found.
2023-12-02T08:32:21.612Z error: Error deleting chapter: QueryFailedError: update or delete on table "chapters" violates foreign key constraint "FK_64cb2e279bbfc2ec860a75137ad" on table "parts"
2023-12-02T08:38:40.458Z error: Error deleting chapter: EntityPropertyNotFoundError: Property "parts" was not found in "Chapter". Make sure your query is correct.
2023-12-02T08:40:45.982Z error: Error deleting chapter: EntityPropertyNotFoundError: Property "parts" was not found in "Chapter". Make sure your query is correct.
2023-12-02T08:41:49.215Z error: Error deleting chapter: ReferenceError: Part is not defined
2023-12-02T11:21:52.105Z error: Error retrieving parts with course ID: EntityPropertyNotFoundError: Property "courseId" was not found in "Part". Make sure your query is correct.
2023-12-02T11:23:19.560Z error: Error retrieving parts with course ID: EntityPropertyNotFoundError: Property "courseId" was not found in "Part". Make sure your query is correct.
2023-12-02T12:27:31.435Z error: Error in getCourseById for courseId 23
2023-12-02T12:28:29.389Z error: Error in getCourseById for courseId 23
2023-12-02T15:25:08.791Z error: Error retrieving parts with course ID: QueryFailedError: function str_to_date(character varying, unknown) does not exist
2023-12-02T15:25:32.982Z error: Error retrieving parts with course ID: QueryFailedError: function str_to_date(character varying, unknown) does not exist
2023-12-02T15:26:25.431Z error: Error retrieving parts with course ID: QueryFailedError: function str_to_date(character varying, unknown) does not exist
2023-12-02T15:27:19.644Z error: Error retrieving parts with course ID: QueryFailedError: function str_to_date(character varying, unknown) does not exist
2023-12-02T15:27:50.962Z error: Error retrieving parts with course ID: QueryFailedError: function str_to_date(character varying, unknown) does not exist
2023-12-02T15:28:58.347Z error: Error retrieving parts with course ID: QueryFailedError: function str_to_date(character varying, unknown) does not exist
2023-12-02T15:29:40.668Z error: Error retrieving parts with course ID: QueryFailedError: function str_to_date(character varying, unknown) does not exist
2023-12-02T15:29:51.172Z error: Error retrieving parts with course ID: QueryFailedError: function str_to_date(character varying, unknown) does not exist
2023-12-02T15:30:34.000Z error: Error retrieving parts with course ID: QueryFailedError: function str_to_date(character varying, unknown) does not exist
2023-12-02T15:31:07.215Z error: Error retrieving parts with course ID: QueryFailedError: function str_to_date(character varying, unknown) does not exist
2023-12-02T15:32:03.115Z error: Error retrieving parts with course ID: QueryFailedError: function str_to_date(character varying, unknown) does not exist
2023-12-04T06:03:26.371Z error: Error retrieving chapters and parts with course ID: QueryFailedError: syntax error at end of input
2023-12-04T06:04:30.221Z error: Error retrieving chapters and parts with course ID: QueryFailedError: relation "chapter" does not exist
2023-12-04T06:07:37.783Z error: Error retrieving chapters and parts with course ID: QueryFailedError: column p.chapterid does not exist
2023-12-04T06:08:28.572Z error: Error retrieving chapters and parts with course ID: QueryFailedError: column p.chapterid does not exist
2023-12-04T06:09:54.951Z error: Error retrieving chapters and parts with course ID: QueryFailedError: column p.chapterid does not exist
2023-12-04T06:11:09.276Z error: Error retrieving chapters and parts with course ID: QueryFailedError: column c.orderindex does not exist
2023-12-04T06:11:41.815Z error: Error retrieving chapters and parts with course ID: QueryFailedError: column c.courseid does not exist
2023-12-04T06:11:55.206Z error: Error retrieving chapters and parts with course ID: QueryFailedError: column p.videoduration does not exist
2023-12-04T06:12:25.237Z error: Error retrieving chapters and parts with course ID: QueryFailedError: column p.isfree does not exist
2023-12-04T06:12:40.038Z error: Error retrieving chapters and parts with course ID: QueryFailedError: column c.courseid does not exist
2023-12-04T06:23:37.725Z error: Error retrieving chapters and parts with course ID: TypeORMError: "chapter" alias was not found. Maybe you forgot to join it?
2023-12-04T06:49:45.081Z error: Error retrieving chapters and parts with course ID: Cannot read properties of undefined (reading 'getParameters')
2023-12-04T06:50:37.536Z error: Error retrieving chapters and parts with course ID: Cannot read properties of undefined (reading 'getParameters')
2023-12-04T06:52:48.464Z error: Error retrieving chapters and parts with course ID: Cannot read properties of undefined (reading 'getParameters')
2023-12-04T06:53:28.935Z error: Error retrieving chapters and parts with course ID: Cannot read properties of undefined (reading 'getParameters')
2023-12-04T06:53:45.907Z error: Error retrieving chapters and parts with course ID: Cannot read properties of undefined (reading 'getParameters')
2023-12-04T06:54:25.029Z error: Error retrieving chapters and parts with course ID: Cannot read properties of undefined (reading 'getParameters')
2023-12-04T06:55:26.855Z error: Error retrieving chapters and parts with course ID: Cannot read properties of undefined (reading 'getParameters')
2023-12-04T08:21:33.093Z error: Error creating part: ReferenceError: id is not defined
2023-12-04T12:33:39.758Z error: Error in getCourseById for courseId enroll
2023-12-04T12:34:08.837Z error: Error in getCourseById for courseId enroll
2023-12-04T12:35:18.749Z error: Error in getCourseById for courseId enroll
2023-12-04T12:38:04.856Z error: Error in getCourseById for courseId enroll
2023-12-05T05:59:05.345Z error: Error retrieving chapters and parts with course ID: QueryFailedError: syntax error at or near ":"
2023-12-05T05:59:25.577Z error: Error retrieving chapters and parts with course ID: QueryFailedError: syntax error at or near ":"
2023-12-05T06:00:16.144Z error: Error retrieving chapters and parts with course ID: QueryFailedError: relation "chapter" does not exist
2023-12-05T06:01:49.092Z error: Error retrieving chapters and parts with course ID: QueryFailedError: relation "part" does not exist
2023-12-05T06:01:59.413Z error: Error retrieving chapters and parts with course ID: QueryFailedError: missing FROM-clause entry for table "chapter"
2023-12-05T06:03:02.672Z error: Error retrieving chapters and parts with course ID: QueryFailedError: column parts.chapter_id does not exist
2023-12-05T06:03:20.610Z error: Error retrieving chapters and parts with course ID: QueryFailedError: missing FROM-clause entry for table "part"
2023-12-05T07:25:13.399Z error: Error retrieving chapters and parts with course ID: QueryFailedError: relation "chapter" does not exist
2023-12-05T07:25:36.723Z error: Error retrieving chapters and parts with course ID: QueryFailedError: relation "chapter" does not exist
2023-12-05T07:30:09.556Z error: Error retrieving chapters and parts with course ID: QueryFailedError: column p.chapterid does not exist
2023-12-05T07:30:22.799Z error: Error retrieving chapters and parts with course ID: QueryFailedError: missing FROM-clause entry for table "chapter"
2023-12-05T07:34:59.805Z error: Error retrieving chapters and parts with course ID: ReferenceError: chater is not defined
2023-12-05T07:50:47.651Z error: Error retrieving chapters and parts with course ID: QueryFailedError: column "part.id" must appear in the GROUP BY clause or be used in an aggregate function
2023-12-05T07:52:44.834Z error: Error retrieving chapters and parts with course ID: QueryFailedError: column "part.id" must appear in the GROUP BY clause or be used in an aggregate function
2023-12-05T07:57:17.725Z error: Error retrieving chapters and parts with course ID: QueryFailedError: column "part.id" must appear in the GROUP BY clause or be used in an aggregate function
2023-12-05T09:05:38.033Z error: Error retrieving video path with part ID: TypeError: Cannot read properties of null (reading 'isFree')
2023-12-20T07:47:44.079Z error: Error in getCourseById for courseId 42
2023-12-20T07:50:08.754Z error: Error in getCourseById for courseId 42
2023-12-20T09:19:36.968Z error: Error in getCourseById for courseId 42
2023-12-20T09:19:37.037Z error: Error in getCourseById for courseId 42
2023-12-20T09:19:58.533Z error: Error in getCourseById for courseId 42
2023-12-20T09:19:58.548Z error: Error in getCourseById for courseId 42
2023-12-20T09:25:41.491Z error: Error in getCourseById for courseId 42
2023-12-20T09:25:41.500Z error: Error in getCourseById for courseId 42
2023-12-20T09:25:52.719Z error: Error in getCourseById for courseId 42
2023-12-20T09:25:52.735Z error: Error in getCourseById for courseId 42
2023-12-20T09:40:26.343Z error: Error in getCourseById for courseId 42
2023-12-20T09:40:48.474Z error: Error in getCourseById for courseId 42
2023-12-20T09:41:06.103Z error: Error in getCourseById for courseId 42
2023-12-23T07:23:19.275Z error: Error in getCourseById for courseId my-course
2023-12-23T07:24:02.466Z error: Error in getCourseById for courseId my-courses
2023-12-23T07:24:52.167Z error: Error in getCourseById for courseId my-courses
2023-12-23T07:29:28.517Z error: Error in getCourseById for courseId my-courses
2023-12-23T07:29:42.473Z error: Error in getCourseById for courseId my-courses
2023-12-23T07:30:02.319Z error: Error in getCourseById for courseId my-as
2023-12-23T07:30:08.139Z error: Error in getCourseById for courseId my-courses
2023-12-23T07:31:07.709Z error: Error in getCourseById for courseId my-courses
2023-12-23T07:33:12.095Z error: Error in getCourseById for courseId my-courses
2023-12-23T07:34:38.421Z error: Error in getCourseById for courseId my-courses
2023-12-23T07:38:06.857Z error: Error in getCourseById for courseId my-courses
2023-12-23T07:38:15.665Z error: Error in getCourseById for courseId my-courses
2023-12-23T07:39:32.186Z error: Error in getCourseById for courseId m-course
2023-12-23T07:39:48.256Z error: Error in getCourseById for courseId course
2023-12-23T07:42:43.355Z error: Error in getCourseUserWithToken: Error [ERR_HTTP_HEADERS_SENT]: Cannot set headers after they are sent to the client
2023-12-23T09:59:31.127Z error: Error in getCourseUserWithToken: QueryFailedError: column enrollment.userphone does not exist
2023-12-23T10:39:00.146Z error: Error in getCourseUserWithToken: TypeORMError: Relation with property path category, category in entity was not found.
2023-12-23T12:46:21.384Z error: Error in getCourseUserWithToken: ReferenceError: jalaliEnrolledCourses is not defined
2023-12-23T12:46:23.114Z error: Error in getCourseUserWithToken: ReferenceError: jalaliEnrolledCourses is not defined
2023-12-25T12:19:00.356Z error: Error in getCourseUserWithToken: TypeError: enrollmentRepository.createQueryBuilder(...).leftJoin(...).leftJoin(...).leftJoin(...).leftJoin(...).where(...).andWhere(...).select(...).addSelect(...).addSelect(...).count is not a function
2023-12-25T12:24:38.221Z error: Error in getCourseUserWithToken: TypeORMError: Provided "skip" value is not a number. Please provide a numeric value.
2023-12-25T12:26:08.331Z error: Error in getCourseUserWithToken: TypeORMError: Provided "skip" value is not a number. Please provide a numeric value.
2023-12-25T12:26:33.098Z error: Error in getCourseUserWithToken: TypeORMError: Provided "skip" value is not a number. Please provide a numeric value.
2023-12-25T12:27:55.722Z error: Error in getCourseUserWithToken: TypeORMError: Provided "skip" value is not a number. Please provide a numeric value.
2023-12-25T12:28:06.937Z error: Error in getCourseUserWithToken: QueryFailedError: column distinctAlias.enrollment_id does not exist
2023-12-25T12:28:57.614Z error: Error in getCourseUserWithToken: ReferenceError: token is not defined
2023-12-25T12:29:52.554Z error: Error in getCourseUserWithToken: ReferenceError: token is not defined
2023-12-25T12:30:21.234Z error: Error in getCourseUserWithToken: ReferenceError: token is not defined
2023-12-25T12:31:07.099Z error: Error in getCourseUserWithToken: QueryFailedError: column distinctAlias.enrollment_id does not exist
2023-12-25T12:31:18.039Z error: Error in getCourseUserWithToken: QueryFailedError: column distinctAlias.enrollment_id does not exist
2023-12-25T12:32:16.799Z error: Error in getCourseUserWithToken: TypeError: (intermediate value) is not iterable
2023-12-25T12:33:09.114Z error: Error in getCourseUserWithToken: TypeError: enrolledCoursesQuery.getRawManyAndCount is not a function
2023-12-25T12:33:27.207Z error: Error in getCourseUserWithToken: TypeError: enrolledCoursesQuery.getRawAndCount is not a function
2023-12-25T12:34:13.772Z error: Error in getCourseUserWithToken: TypeError: enrolledCourses.map is not a function
2023-12-25T12:38:56.730Z error: Error in getCourseUserWithToken: Error [ERR_HTTP_HEADERS_SENT]: Cannot set headers after they are sent to the client
2023-12-27T10:23:23.680Z error: Error creating part: TypeError: Cannot read properties of undefined (reading 'data')
2023-12-28T05:17:08.849Z error: Error in getCourseUserWithToken: Error [ERR_HTTP_HEADERS_SENT]: Cannot set headers after they are sent to the client
2023-12-28T05:48:13.942Z error: Error in getCourseById for courseId my-courses
2023-12-28T07:03:15.622Z error: Error in getCourseById for courseId my-courses
2023-12-28T07:04:48.873Z error: Error in getCourseById for courseId my-courses
2023-12-28T07:21:53.198Z error: Error in getCourseById for courseId my-courses
2023-12-28T07:22:20.893Z error: Error in getCourseById for courseId my-courses
2023-12-28T07:23:18.850Z error: Error in getCourseById for courseId my-courses
2023-12-28T07:25:19.463Z error: Error in getCourseById for courseId my-courses
2023-12-28T07:25:50.700Z error: Error in getCourseById for courseId my-courses
2023-12-28T07:26:00.570Z error: Error in getCourseById for courseId my-courses
2023-12-28T07:37:20.979Z error: Error in getCourseById for courseId my-courses
2023-12-28T07:37:44.229Z error: Error in getCourseById for courseId my-courses
2023-12-28T07:43:07.820Z error: Error in getCourseById for courseId my-courses
2023-12-28T07:45:52.041Z error: Error in getCourseById for courseId my-courses
2023-12-28T07:46:39.223Z error: Error in getCourseById for courseId my-courses
2023-12-28T07:47:00.402Z error: Error in getCourseUserWithToken: Error [ERR_HTTP_HEADERS_SENT]: Cannot set headers after they are sent to the client
2023-12-28T07:48:27.753Z error: Error in getCourseById for courseId my-courses
2023-12-28T07:49:23.806Z error: Error in getCourseById for courseId my-coursessss
2023-12-28T08:47:12.368Z error: Error in getCourseById for courseId my-course
 
[object Object]
2023-12-28T08:54:05.002Z error: Error in getCourseById for courseId my-course
 
[object Object]
2023-12-28T08:57:54.119Z error: Error in getAllCourse
 
[object Object]
2023-12-28T08:58:33.411Z error: Error in getAllCourse
at PostgresQueryRunner.query (E:\Desktop\postgress\node_modules\.pnpm\typeorm@0.3.17_pg@8.11.3\node_modules\typeorm\driver\postgres\PostgresQueryRunner.js:211:19)
at process.processTicksAndRejections (node:internal/process/task_queues:95:5)
at async SelectQueryBuilder.loadRawResults (E:\Desktop\postgress\node_modules\.pnpm\typeorm@0.3.17_pg@8.11.3\node_modules\typeorm\query-builder\SelectQueryBuilder.js:2183:25)
at async SelectQueryBuilder.getRawMany (E:\Desktop\postgress\node_modules\.pnpm\typeorm@0.3.17_pg@8.11.3\node_modules\typeorm\query-builder\SelectQueryBuilder.js:646:29)
at async SelectQueryBuilder.executeEntitiesAndRawResults (E:\Desktop\postgress\node_modules\.pnpm\typeorm@0.3.17_pg@8.11.3\node_modules\typeorm\query-builder\SelectQueryBuilder.js:1973:26)
at async SelectQueryBuilder.getManyAndCount (E:\Desktop\postgress\node_modules\.pnpm\typeorm@0.3.17_pg@8.11.3\node_modules\typeorm\query-builder\SelectQueryBuilder.js:850:36)
at async getAllCourse (E:\Desktop\postgress\controllers\course.js:51:35) 
QueryFailedError: column course.idasd does not exist
2023-12-28T09:00:13.901Z error: Error in getAllCourse
at PostgresQueryRunner.query (E:\Desktop\postgress\node_modules\.pnpm\typeorm@0.3.17_pg@8.11.3\node_modules\typeorm\driver\postgres\PostgresQueryRunner.js:211:19)
at process.processTicksAndRejections (node:internal/process/task_queues:95:5)
at async SelectQueryBuilder.loadRawResults (E:\Desktop\postgress\node_modules\.pnpm\typeorm@0.3.17_pg@8.11.3\node_modules\typeorm\query-builder\SelectQueryBuilder.js:2183:25)
at async SelectQueryBuilder.getRawMany (E:\Desktop\postgress\node_modules\.pnpm\typeorm@0.3.17_pg@8.11.3\node_modules\typeorm\query-builder\SelectQueryBuilder.js:646:29)
at async SelectQueryBuilder.executeEntitiesAndRawResults (E:\Desktop\postgress\node_modules\.pnpm\typeorm@0.3.17_pg@8.11.3\node_modules\typeorm\query-builder\SelectQueryBuilder.js:1973:26)
at async SelectQueryBuilder.getManyAndCount (E:\Desktop\postgress\node_modules\.pnpm\typeorm@0.3.17_pg@8.11.3\node_modules\typeorm\query-builder\SelectQueryBuilder.js:850:36)
at async getAllCourse (E:\Desktop\postgress\controllers\course.js:51:35)
 
QueryFailedError: column course.idasd does not exist
2023-12-28T09:00:55.171Z error: Error in getAllCourse 
QueryFailedError: column course.idasd does not exist
2023-12-28T09:01:32.102Z error: Error in getAllCourse
 
[object Object]
2023-12-28T09:04:06.757Z error: Error creating part: TypeError: Cannot read properties of undefined (reading 'data') 
2023-12-28T09:05:11.567Z error: Error creating part: ReferenceError: logger is not defined 
2023-12-28T09:05:43.539Z error: Error getting video duration from API
at new ApiVideoError (E:\Desktop\postgress\node_modules\.pnpm\@api.video+nodejs-client@2.5.5\node_modules\@api.video\nodejs-client\lib\ApiVideoError.js:8:22)
at HttpClient.call (E:\Desktop\postgress\node_modules\.pnpm\@api.video+nodejs-client@2.5.5\node_modules\@api.video\nodejs-client\lib\HttpClient.js:102:19)
at process.processTicksAndRejections (node:internal/process/task_queues:95:5)
at async getVideoDurationFromApi (E:\Desktop\postgress\services\video.api.js:9:20)
at async createPart (E:\Desktop\postgress\controllers\part.js:33:23)
 
Error: The requested resource could not be found.
2023-12-28T09:05:43.546Z error: Error creating part: TypeError: Cannot read properties of undefined (reading 'data') 
2023-12-28T09:06:40.600Z error: Error getting video duration from API
at new ApiVideoError (E:\Desktop\postgress\node_modules\.pnpm\@api.video+nodejs-client@2.5.5\node_modules\@api.video\nodejs-client\lib\ApiVideoError.js:8:22)
at HttpClient.call (E:\Desktop\postgress\node_modules\.pnpm\@api.video+nodejs-client@2.5.5\node_modules\@api.video\nodejs-client\lib\HttpClient.js:102:19)
at process.processTicksAndRejections (node:internal/process/task_queues:95:5)
at async getVideoDurationFromApi (E:\Desktop\postgress\services\video.api.js:9:20)
at async createPart (E:\Desktop\postgress\controllers\part.js:33:23)
 
Error: The requested resource could not be found.
2023-12-28T09:06:40.602Z error: Error creating part: TypeError: Cannot read properties of undefined (reading 'data') 
2023-12-28T09:08:22.306Z error: Error getting video duration from API
at new ApiVideoError (E:\Desktop\postgress\node_modules\.pnpm\@api.video+nodejs-client@2.5.5\node_modules\@api.video\nodejs-client\lib\ApiVideoError.js:8:22)
at HttpClient.call (E:\Desktop\postgress\node_modules\.pnpm\@api.video+nodejs-client@2.5.5\node_modules\@api.video\nodejs-client\lib\HttpClient.js:102:19)
at process.processTicksAndRejections (node:internal/process/task_queues:95:5)
at async getVideoDurationFromApi (E:\Desktop\postgress\services\video.api.js:9:20)
at async createPart (E:\Desktop\postgress\controllers\part.js:33:23)
 
Error: The requested resource could not be found.
2023-12-28T09:08:22.312Z error: Error creating part: TypeError: Cannot read properties of undefined (reading 'data') 
2023-12-30T06:39:26.012Z error: Error in getCourseById for courseId my-courses
 
[object Object]
2023-12-30T06:41:57.630Z error: Error in getCourseUserWithToken: TypeError: enrolledCoursesQuery.skip(...).take(...).getRawMany(...).execute is not a function 
2023-12-30T06:41:59.719Z error: Error in getCourseUserWithToken: TypeError: enrolledCoursesQuery.skip(...).take(...).getRawMany(...).execute is not a function 
2024-01-01T12:07:46.135Z error: Error retrieving parts with course ID: ReferenceError: calculateTotalDuration is not defined 
2024-01-13T07:11:35.612Z error: Error retrieving chapters and parts with course ID: QueryFailedError: invalid input syntax for type integer: "null" 
2024-01-13T07:11:50.902Z error: Error retrieving chapters and parts with course ID: QueryFailedError: invalid input syntax for type integer: "asd" 
2024-01-17T07:16:27.972Z error: Error in CreateCoupon EntityMetadataNotFoundError: No metadata for "Coupon" was found. 
2024-01-17T07:19:09.081Z error: Error in CreateCoupon QueryFailedError: null value in column "createdAt" of relation "coupons" violates not-null constraint 
2024-01-17T07:19:58.131Z error: Error in CreateCoupon QueryFailedError: null value in column "expireTime" of relation "coupons" violates not-null constraint 
2024-01-17T07:21:48.279Z error: Error in CreateCoupon QueryFailedError: null value in column "createdAt" of relation "coupons" violates not-null constraint 
2024-01-17T07:59:22.568Z error: Error in Error [ERR_HTTP_HEADERS_SENT]: Cannot set headers after they are sent to the client 
2024-01-17T08:03:08.578Z error: Error in CreateCoupon QueryFailedError: duplicate key value violates unique constraint "UQ_e025109230e82925843f2a14c48" 
2024-01-17T08:14:48.097Z error: Error in CreateCoupon QueryFailedError: duplicate key value violates unique constraint "UQ_e025109230e82925843f2a14c48" 
2024-01-17T08:53:27.022Z error: error in getAllCoupons ReferenceError: Like is not defined 
2024-01-18T05:59:30.658Z error: Error editing part: ReferenceError: videoType is not defined 
2024-01-18T06:27:58.749Z error: Error retrieving parts with course ID: ReferenceError: calculateTotalDuration is not defined 
2024-01-18T07:30:10.266Z error: Error retrieving video durations with course ID: ReferenceError: parts is not defined 
2024-01-18T07:30:58.216Z error: Error retrieving video durations with course ID: ReferenceError: parts is not defined 
2024-01-22T08:17:32.972Z error: Error in createFilter >> EntityMetadataNotFoundError: No metadata for "Filter" was found. 
2024-01-22T08:18:44.757Z error: Error in createFilter >> EntityMetadataNotFoundError: No metadata for "Filter" was found. 
2024-01-22T08:19:00.334Z error: Error in createFilter >> EntityMetadataNotFoundError: No metadata for "Filter" was found. 
2024-01-22T08:20:18.788Z error: Error in createFilter >> EntityMetadataNotFoundError: No metadata for "Filter" was found. 
2024-01-22T08:20:21.728Z error: Error in createFilter >> EntityMetadataNotFoundError: No metadata for "Filter" was found. 
2024-01-22T08:20:42.193Z error: Error in createFilter >> EntityMetadataNotFoundError: No metadata for "Filter" was found. 
2024-01-22T08:22:51.816Z error: Error in createFilter >> ReferenceError: id is not defined 
2024-01-22T08:28:51.950Z error: Error in createFilter >> ReferenceError: Cannot access 'filterRepository' before initialization 
2024-01-22T08:29:44.209Z error: Error in createFilter >> ReferenceError: Cannot access 'filterRepository' before initialization 
2024-01-22T09:08:05.542Z error: Error in getCourseById for courseId filter
 
[object Object]
2024-01-22T09:09:47.893Z error: Error in getCourseById for courseId filter
 
[object Object]
2024-01-22T09:10:15.315Z error: Error in getCourseById for courseId filter
 
[object Object]
2024-01-22T09:10:29.558Z error: Error in getCourseById for courseId filter
 
[object Object]
2024-01-22T10:20:07.045Z error: Error in editFilter >> TypeError: Cannot read properties of undefined (reading 'where') 
2024-01-22T10:27:30.061Z error: Error in editFilter >> TypeError: Cannot read properties of undefined (reading 'find') 
2024-01-22T10:30:18.849Z error: Error in editFilter >> Error: You must provide selection conditions in order to find a single row. 
2024-01-22T10:31:19.364Z error: Error in editFilter >> Error: You must provide selection conditions in order to find a single row. 
2024-01-22T10:31:44.165Z error: Error in editFilter >> Error: You must provide selection conditions in order to find a single row. 
2024-01-22T10:32:09.465Z error: Error in editFilter >> TypeError: Cannot read properties of undefined (reading 'find') 
2024-01-22T10:32:21.986Z error: Error in editFilter >> TypeError: Cannot read properties of undefined (reading 'find') 
2024-01-22T10:33:36.984Z error: Error in editFilter >> TypeError: Cannot read properties of undefined (reading 'find') 
2024-01-23T07:19:32.944Z error: Error in getAllFilters >> TypeError: Cannot read properties of undefined (reading 'operator') 
2024-01-23T07:21:35.899Z error: Error in getAllFilters >> TypeError: Cannot read properties of undefined (reading 'operator') 
2024-01-23T07:55:13.804Z error: Error in getAllFilters >> TypeORMError: QueryBuilder parameter keys may only contain numbers, letters, underscores, or periods. 
2024-01-23T07:57:10.805Z error: Error in getAllFilters >> TypeError: search.split is not a function 
2024-01-23T07:57:32.151Z error: Error in getAllFilters >> TypeError: search.split is not a function 
2024-01-23T07:58:47.185Z error: Error in getAllFilters >> TypeError: search.split is not a function 
2024-01-23T08:01:00.606Z error: Error in getAllFilters >> TypeError: search.split is not a function 
2024-01-23T08:01:40.222Z error: Error in getAllFilters >> TypeError: search.split is not a function 
2024-01-23T08:02:33.705Z error: Error in getAllFilters >> TypeORMError: QueryBuilder parameter keys may only contain numbers, letters, underscores, or periods. 
2024-01-23T08:03:34.469Z error: Error in getAllFilters >> TypeError: search.split is not a function 
2024-01-23T08:07:11.865Z error: Error in getAllFilters >> ReferenceError: Brackets is not defined 
2024-01-23T08:08:04.806Z error: Error in getAllFilters >> ReferenceError: Brackets is not defined 
2024-01-23T08:09:53.742Z error: Error in getAllFilters >> ReferenceError: Brackets is not defined 
2024-01-23T08:55:00.479Z error: Error in getAllCourse
at E:\Desktop\postgress\controllers\course.js:57:17
at SelectQueryBuilder.getWhereCondition (E:\Desktop\postgress\node_modules\.pnpm\typeorm@0.3.17_pg@8.11.3\node_modules\typeorm\query-builder\QueryBuilder.js:1097:20)
at SelectQueryBuilder.andWhere (E:\Desktop\postgress\node_modules\.pnpm\typeorm@0.3.17_pg@8.11.3\node_modules\typeorm\query-builder\SelectQueryBuilder.js:359:29)
at getAllCourse (E:\Desktop\postgress\controllers\course.js:56:20)
at process.processTicksAndRejections (node:internal/process/task_queues:95:5)
 
TypeError: filters.forEach is not a function
2024-01-23T08:56:51.633Z error: Error in getCourseById for courseId 98
 
[object Object]
2024-01-23T09:24:22.609Z error: Error in getAllCourse
at E:\Desktop\postgress\controllers\course.js:57:17
at SelectQueryBuilder.getWhereCondition (E:\Desktop\postgress\node_modules\.pnpm\typeorm@0.3.17_pg@8.11.3\node_modules\typeorm\query-builder\QueryBuilder.js:1097:20)
at SelectQueryBuilder.andWhere (E:\Desktop\postgress\node_modules\.pnpm\typeorm@0.3.17_pg@8.11.3\node_modules\typeorm\query-builder\SelectQueryBuilder.js:359:29)
at getAllCourse (E:\Desktop\postgress\controllers\course.js:56:20)
at process.processTicksAndRejections (node:internal/process/task_queues:95:5)
 
TypeError: filters.forEach is not a function
2024-01-23T09:28:55.563Z error: Error in getAllCourse
at SelectQueryBuilder.createWhereConditionExpression (E:\Desktop\postgress\node_modules\.pnpm\typeorm@0.3.17_pg@8.11.3\node_modules\typeorm\query-builder\QueryBuilder.js:709:27)
at E:\Desktop\postgress\node_modules\.pnpm\typeorm@0.3.17_pg@8.11.3\node_modules\typeorm\query-builder\QueryBuilder.js:679:37
at Array.map (<anonymous>)
at SelectQueryBuilder.createWhereClausesExpression (E:\Desktop\postgress\node_modules\.pnpm\typeorm@0.3.17_pg@8.11.3\node_modules\typeorm\query-builder\QueryBuilder.js:678:14)
at SelectQueryBuilder.createWhereExpression (E:\Desktop\postgress\node_modules\.pnpm\typeorm@0.3.17_pg@8.11.3\node_modules\typeorm\query-builder\QueryBuilder.js:552:38)
at SelectQueryBuilder.getQuery (E:\Desktop\postgress\node_modules\.pnpm\typeorm@0.3.17_pg@8.11.3\node_modules\typeorm\query-builder\SelectQueryBuilder.js:55:21)
at SelectQueryBuilder.executeEntitiesAndRawResults (E:\Desktop\postgress\node_modules\.pnpm\typeorm@0.3.17_pg@8.11.3\node_modules\typeorm\query-builder\SelectQueryBuilder.js:1979:18)
at SelectQueryBuilder.getManyAndCount (E:\Desktop\postgress\node_modules\.pnpm\typeorm@0.3.17_pg@8.11.3\node_modules\typeorm\query-builder\SelectQueryBuilder.js:850:47)
at getAllCourse (E:\Desktop\postgress\controllers\course.js:71:8)
at process.processTicksAndRejections (node:internal/process/task_queues:95:5)
 
TypeError: Cannot read properties of undefined (reading 'operator')
2024-01-23T09:29:09.679Z error: Error in getAllCourse
at SelectQueryBuilder.createWhereConditionExpression (E:\Desktop\postgress\node_modules\.pnpm\typeorm@0.3.17_pg@8.11.3\node_modules\typeorm\query-builder\QueryBuilder.js:709:27)
at E:\Desktop\postgress\node_modules\.pnpm\typeorm@0.3.17_pg@8.11.3\node_modules\typeorm\query-builder\QueryBuilder.js:679:37
at Array.map (<anonymous>)
at SelectQueryBuilder.createWhereClausesExpression (E:\Desktop\postgress\node_modules\.pnpm\typeorm@0.3.17_pg@8.11.3\node_modules\typeorm\query-builder\QueryBuilder.js:678:14)
at SelectQueryBuilder.createWhereExpression (E:\Desktop\postgress\node_modules\.pnpm\typeorm@0.3.17_pg@8.11.3\node_modules\typeorm\query-builder\QueryBuilder.js:552:38)
at SelectQueryBuilder.getQuery (E:\Desktop\postgress\node_modules\.pnpm\typeorm@0.3.17_pg@8.11.3\node_modules\typeorm\query-builder\SelectQueryBuilder.js:55:21)
at SelectQueryBuilder.executeEntitiesAndRawResults (E:\Desktop\postgress\node_modules\.pnpm\typeorm@0.3.17_pg@8.11.3\node_modules\typeorm\query-builder\SelectQueryBuilder.js:1979:18)
at SelectQueryBuilder.getManyAndCount (E:\Desktop\postgress\node_modules\.pnpm\typeorm@0.3.17_pg@8.11.3\node_modules\typeorm\query-builder\SelectQueryBuilder.js:850:47)
at getAllCourse (E:\Desktop\postgress\controllers\course.js:71:8)
at process.processTicksAndRejections (node:internal/process/task_queues:95:5)
 
TypeError: Cannot read properties of undefined (reading 'operator')
2024-01-23T09:29:13.888Z error: Error in getAllCourse
at SelectQueryBuilder.createWhereConditionExpression (E:\Desktop\postgress\node_modules\.pnpm\typeorm@0.3.17_pg@8.11.3\node_modules\typeorm\query-builder\QueryBuilder.js:709:27)
at E:\Desktop\postgress\node_modules\.pnpm\typeorm@0.3.17_pg@8.11.3\node_modules\typeorm\query-builder\QueryBuilder.js:679:37
at Array.map (<anonymous>)
at SelectQueryBuilder.createWhereClausesExpression (E:\Desktop\postgress\node_modules\.pnpm\typeorm@0.3.17_pg@8.11.3\node_modules\typeorm\query-builder\QueryBuilder.js:678:14)
at SelectQueryBuilder.createWhereExpression (E:\Desktop\postgress\node_modules\.pnpm\typeorm@0.3.17_pg@8.11.3\node_modules\typeorm\query-builder\QueryBuilder.js:552:38)
at SelectQueryBuilder.getQuery (E:\Desktop\postgress\node_modules\.pnpm\typeorm@0.3.17_pg@8.11.3\node_modules\typeorm\query-builder\SelectQueryBuilder.js:55:21)
at SelectQueryBuilder.executeEntitiesAndRawResults (E:\Desktop\postgress\node_modules\.pnpm\typeorm@0.3.17_pg@8.11.3\node_modules\typeorm\query-builder\SelectQueryBuilder.js:1979:18)
at SelectQueryBuilder.getManyAndCount (E:\Desktop\postgress\node_modules\.pnpm\typeorm@0.3.17_pg@8.11.3\node_modules\typeorm\query-builder\SelectQueryBuilder.js:850:47)
at getAllCourse (E:\Desktop\postgress\controllers\course.js:71:8)
at process.processTicksAndRejections (node:internal/process/task_queues:95:5)
 
TypeError: Cannot read properties of undefined (reading 'operator')
2024-01-23T09:41:53.555Z error: Error in getAllCourse
at SelectQueryBuilder.createWhereConditionExpression (E:\Desktop\postgress\node_modules\.pnpm\typeorm@0.3.17_pg@8.11.3\node_modules\typeorm\query-builder\QueryBuilder.js:709:27)
at E:\Desktop\postgress\node_modules\.pnpm\typeorm@0.3.17_pg@8.11.3\node_modules\typeorm\query-builder\QueryBuilder.js:679:37
at Array.map (<anonymous>)
at SelectQueryBuilder.createWhereClausesExpression (E:\Desktop\postgress\node_modules\.pnpm\typeorm@0.3.17_pg@8.11.3\node_modules\typeorm\query-builder\QueryBuilder.js:678:14)
at SelectQueryBuilder.createWhereExpression (E:\Desktop\postgress\node_modules\.pnpm\typeorm@0.3.17_pg@8.11.3\node_modules\typeorm\query-builder\QueryBuilder.js:552:38)
at SelectQueryBuilder.getQuery (E:\Desktop\postgress\node_modules\.pnpm\typeorm@0.3.17_pg@8.11.3\node_modules\typeorm\query-builder\SelectQueryBuilder.js:55:21)
at SelectQueryBuilder.executeEntitiesAndRawResults (E:\Desktop\postgress\node_modules\.pnpm\typeorm@0.3.17_pg@8.11.3\node_modules\typeorm\query-builder\SelectQueryBuilder.js:1979:18)
at SelectQueryBuilder.getManyAndCount (E:\Desktop\postgress\node_modules\.pnpm\typeorm@0.3.17_pg@8.11.3\node_modules\typeorm\query-builder\SelectQueryBuilder.js:850:47)
at getAllCourse (E:\Desktop\postgress\controllers\course.js:71:8)
at process.processTicksAndRejections (node:internal/process/task_queues:95:5)
 
TypeError: Cannot read properties of undefined (reading 'operator')
2024-01-23T09:43:44.502Z error: Error in getAllCourse
at SelectQueryBuilder.createWhereConditionExpression (E:\Desktop\postgress\node_modules\.pnpm\typeorm@0.3.17_pg@8.11.3\node_modules\typeorm\query-builder\QueryBuilder.js:709:27)
at E:\Desktop\postgress\node_modules\.pnpm\typeorm@0.3.17_pg@8.11.3\node_modules\typeorm\query-builder\QueryBuilder.js:679:37
at Array.map (<anonymous>)
at SelectQueryBuilder.createWhereClausesExpression (E:\Desktop\postgress\node_modules\.pnpm\typeorm@0.3.17_pg@8.11.3\node_modules\typeorm\query-builder\QueryBuilder.js:678:14)
at SelectQueryBuilder.createWhereExpression (E:\Desktop\postgress\node_modules\.pnpm\typeorm@0.3.17_pg@8.11.3\node_modules\typeorm\query-builder\QueryBuilder.js:552:38)
at SelectQueryBuilder.getQuery (E:\Desktop\postgress\node_modules\.pnpm\typeorm@0.3.17_pg@8.11.3\node_modules\typeorm\query-builder\SelectQueryBuilder.js:55:21)
at SelectQueryBuilder.executeEntitiesAndRawResults (E:\Desktop\postgress\node_modules\.pnpm\typeorm@0.3.17_pg@8.11.3\node_modules\typeorm\query-builder\SelectQueryBuilder.js:1979:18)
at SelectQueryBuilder.getManyAndCount (E:\Desktop\postgress\node_modules\.pnpm\typeorm@0.3.17_pg@8.11.3\node_modules\typeorm\query-builder\SelectQueryBuilder.js:850:47)
at getAllCourse (E:\Desktop\postgress\controllers\course.js:68:8)
at process.processTicksAndRejections (node:internal/process/task_queues:95:5)
 
TypeError: Cannot read properties of undefined (reading 'operator')
2024-01-23T09:51:39.627Z error: Error in getAllCourse
at SelectQueryBuilder.createWhereConditionExpression (E:\Desktop\postgress\node_modules\.pnpm\typeorm@0.3.17_pg@8.11.3\node_modules\typeorm\query-builder\QueryBuilder.js:709:27)
at E:\Desktop\postgress\node_modules\.pnpm\typeorm@0.3.17_pg@8.11.3\node_modules\typeorm\query-builder\QueryBuilder.js:679:37
at Array.map (<anonymous>)
at SelectQueryBuilder.createWhereClausesExpression (E:\Desktop\postgress\node_modules\.pnpm\typeorm@0.3.17_pg@8.11.3\node_modules\typeorm\query-builder\QueryBuilder.js:678:14)
at SelectQueryBuilder.createWhereExpression (E:\Desktop\postgress\node_modules\.pnpm\typeorm@0.3.17_pg@8.11.3\node_modules\typeorm\query-builder\QueryBuilder.js:552:38)
at SelectQueryBuilder.getQuery (E:\Desktop\postgress\node_modules\.pnpm\typeorm@0.3.17_pg@8.11.3\node_modules\typeorm\query-builder\SelectQueryBuilder.js:55:21)
at SelectQueryBuilder.executeEntitiesAndRawResults (E:\Desktop\postgress\node_modules\.pnpm\typeorm@0.3.17_pg@8.11.3\node_modules\typeorm\query-builder\SelectQueryBuilder.js:1979:18)
at SelectQueryBuilder.getManyAndCount (E:\Desktop\postgress\node_modules\.pnpm\typeorm@0.3.17_pg@8.11.3\node_modules\typeorm\query-builder\SelectQueryBuilder.js:850:47)
at getAllCourse (E:\Desktop\postgress\controllers\course.js:68:8)
at process.processTicksAndRejections (node:internal/process/task_queues:95:5)
 
TypeError: Cannot read properties of undefined (reading 'operator')
2024-01-23T09:52:06.557Z error: Error in getAllCourse
at SelectQueryBuilder.createWhereConditionExpression (E:\Desktop\postgress\node_modules\.pnpm\typeorm@0.3.17_pg@8.11.3\node_modules\typeorm\query-builder\QueryBuilder.js:709:27)
at E:\Desktop\postgress\node_modules\.pnpm\typeorm@0.3.17_pg@8.11.3\node_modules\typeorm\query-builder\QueryBuilder.js:679:37
at Array.map (<anonymous>)
at SelectQueryBuilder.createWhereClausesExpression (E:\Desktop\postgress\node_modules\.pnpm\typeorm@0.3.17_pg@8.11.3\node_modules\typeorm\query-builder\QueryBuilder.js:678:14)
at SelectQueryBuilder.createWhereExpression (E:\Desktop\postgress\node_modules\.pnpm\typeorm@0.3.17_pg@8.11.3\node_modules\typeorm\query-builder\QueryBuilder.js:552:38)
at SelectQueryBuilder.getQuery (E:\Desktop\postgress\node_modules\.pnpm\typeorm@0.3.17_pg@8.11.3\node_modules\typeorm\query-builder\SelectQueryBuilder.js:55:21)
at SelectQueryBuilder.executeEntitiesAndRawResults (E:\Desktop\postgress\node_modules\.pnpm\typeorm@0.3.17_pg@8.11.3\node_modules\typeorm\query-builder\SelectQueryBuilder.js:1979:18)
at SelectQueryBuilder.getManyAndCount (E:\Desktop\postgress\node_modules\.pnpm\typeorm@0.3.17_pg@8.11.3\node_modules\typeorm\query-builder\SelectQueryBuilder.js:850:47)
at getAllCourse (E:\Desktop\postgress\controllers\course.js:70:8)
at process.processTicksAndRejections (node:internal/process/task_queues:95:5)
 
TypeError: Cannot read properties of undefined (reading 'operator')
2024-01-23T09:52:22.482Z error: Error in getAllCourse
at SelectQueryBuilder.createWhereConditionExpression (E:\Desktop\postgress\node_modules\.pnpm\typeorm@0.3.17_pg@8.11.3\node_modules\typeorm\query-builder\QueryBuilder.js:709:27)
at E:\Desktop\postgress\node_modules\.pnpm\typeorm@0.3.17_pg@8.11.3\node_modules\typeorm\query-builder\QueryBuilder.js:679:37
at Array.map (<anonymous>)
at SelectQueryBuilder.createWhereClausesExpression (E:\Desktop\postgress\node_modules\.pnpm\typeorm@0.3.17_pg@8.11.3\node_modules\typeorm\query-builder\QueryBuilder.js:678:14)
at SelectQueryBuilder.createWhereExpression (E:\Desktop\postgress\node_modules\.pnpm\typeorm@0.3.17_pg@8.11.3\node_modules\typeorm\query-builder\QueryBuilder.js:552:38)
at SelectQueryBuilder.getQuery (E:\Desktop\postgress\node_modules\.pnpm\typeorm@0.3.17_pg@8.11.3\node_modules\typeorm\query-builder\SelectQueryBuilder.js:55:21)
at SelectQueryBuilder.executeEntitiesAndRawResults (E:\Desktop\postgress\node_modules\.pnpm\typeorm@0.3.17_pg@8.11.3\node_modules\typeorm\query-builder\SelectQueryBuilder.js:1979:18)
at SelectQueryBuilder.getManyAndCount (E:\Desktop\postgress\node_modules\.pnpm\typeorm@0.3.17_pg@8.11.3\node_modules\typeorm\query-builder\SelectQueryBuilder.js:850:47)
at getAllCourse (E:\Desktop\postgress\controllers\course.js:68:8)
at process.processTicksAndRejections (node:internal/process/task_queues:95:5)
 
TypeError: Cannot read properties of undefined (reading 'operator')
2024-01-23T09:54:12.395Z error: Error in getAllCourse
at SelectQueryBuilder.createWhereConditionExpression (E:\Desktop\postgress\node_modules\.pnpm\typeorm@0.3.17_pg@8.11.3\node_modules\typeorm\query-builder\QueryBuilder.js:709:27)
at E:\Desktop\postgress\node_modules\.pnpm\typeorm@0.3.17_pg@8.11.3\node_modules\typeorm\query-builder\QueryBuilder.js:679:37
at Array.map (<anonymous>)
at SelectQueryBuilder.createWhereClausesExpression (E:\Desktop\postgress\node_modules\.pnpm\typeorm@0.3.17_pg@8.11.3\node_modules\typeorm\query-builder\QueryBuilder.js:678:14)
at SelectQueryBuilder.createWhereExpression (E:\Desktop\postgress\node_modules\.pnpm\typeorm@0.3.17_pg@8.11.3\node_modules\typeorm\query-builder\QueryBuilder.js:552:38)
at SelectQueryBuilder.getQuery (E:\Desktop\postgress\node_modules\.pnpm\typeorm@0.3.17_pg@8.11.3\node_modules\typeorm\query-builder\SelectQueryBuilder.js:55:21)
at SelectQueryBuilder.executeEntitiesAndRawResults (E:\Desktop\postgress\node_modules\.pnpm\typeorm@0.3.17_pg@8.11.3\node_modules\typeorm\query-builder\SelectQueryBuilder.js:1979:18)
at SelectQueryBuilder.getManyAndCount (E:\Desktop\postgress\node_modules\.pnpm\typeorm@0.3.17_pg@8.11.3\node_modules\typeorm\query-builder\SelectQueryBuilder.js:850:47)
at getAllCourse (E:\Desktop\postgress\controllers\course.js:68:8)
at process.processTicksAndRejections (node:internal/process/task_queues:95:5)
 
TypeError: Cannot read properties of undefined (reading 'operator')
2024-01-23T09:54:43.652Z error: Error in getAllCourse
at SelectQueryBuilder.createWhereConditionExpression (E:\Desktop\postgress\node_modules\.pnpm\typeorm@0.3.17_pg@8.11.3\node_modules\typeorm\query-builder\QueryBuilder.js:709:27)
at E:\Desktop\postgress\node_modules\.pnpm\typeorm@0.3.17_pg@8.11.3\node_modules\typeorm\query-builder\QueryBuilder.js:679:37
at Array.map (<anonymous>)
at SelectQueryBuilder.createWhereClausesExpression (E:\Desktop\postgress\node_modules\.pnpm\typeorm@0.3.17_pg@8.11.3\node_modules\typeorm\query-builder\QueryBuilder.js:678:14)
at SelectQueryBuilder.createWhereExpression (E:\Desktop\postgress\node_modules\.pnpm\typeorm@0.3.17_pg@8.11.3\node_modules\typeorm\query-builder\QueryBuilder.js:552:38)
at SelectQueryBuilder.getQuery (E:\Desktop\postgress\node_modules\.pnpm\typeorm@0.3.17_pg@8.11.3\node_modules\typeorm\query-builder\SelectQueryBuilder.js:55:21)
at SelectQueryBuilder.executeEntitiesAndRawResults (E:\Desktop\postgress\node_modules\.pnpm\typeorm@0.3.17_pg@8.11.3\node_modules\typeorm\query-builder\SelectQueryBuilder.js:1979:18)
at SelectQueryBuilder.getManyAndCount (E:\Desktop\postgress\node_modules\.pnpm\typeorm@0.3.17_pg@8.11.3\node_modules\typeorm\query-builder\SelectQueryBuilder.js:850:47)
at getAllCourse (E:\Desktop\postgress\controllers\course.js:70:8)
at process.processTicksAndRejections (node:internal/process/task_queues:95:5)
 
TypeError: Cannot read properties of undefined (reading 'operator')
2024-01-23T10:20:25.234Z error: Error in getAllCourse
at getAllCourse (E:\Desktop\postgress\controllers\course.js:59:50)
at process.processTicksAndRejections (node:internal/process/task_queues:95:5)
 
TypeError: filterBy.split is not a function or its return value is not iterable
2024-01-23T10:42:13.247Z error: Error in getAllCourse
at E:\Desktop\postgress\controllers\course.js:72:31
at Array.map (<anonymous>)
at getAllCourse (E:\Desktop\postgress\controllers\course.js:70:38)
at process.processTicksAndRejections (node:internal/process/task_queues:95:5)
 
TypeError: Cannot read properties of undefined (reading 'map')
2024-01-23T10:53:06.847Z error: Error in getAllCourse
at getAllCourse (E:\Desktop\postgress\controllers\course.js:66:8)
at process.processTicksAndRejections (node:internal/process/task_queues:95:5)
 
TypeError: queryBuilder.orderBy is not a function
2024-01-23T10:53:08.437Z error: Error in getAllCourse
at getAllCourse (E:\Desktop\postgress\controllers\course.js:66:8)
at process.processTicksAndRejections (node:internal/process/task_queues:95:5)
 
TypeError: queryBuilder.orderBy is not a function
2024-01-23T11:10:40.217Z error: Error in getAllCourse
at PostgresQueryRunner.query (E:\Desktop\postgress\node_modules\.pnpm\typeorm@0.3.17_pg@8.11.3\node_modules\typeorm\driver\postgres\PostgresQueryRunner.js:211:19)
at process.processTicksAndRejections (node:internal/process/task_queues:95:5)
at async SelectQueryBuilder.loadRawResults (E:\Desktop\postgress\node_modules\.pnpm\typeorm@0.3.17_pg@8.11.3\node_modules\typeorm\query-builder\SelectQueryBuilder.js:2183:25)
at async SelectQueryBuilder.getRawMany (E:\Desktop\postgress\node_modules\.pnpm\typeorm@0.3.17_pg@8.11.3\node_modules\typeorm\query-builder\SelectQueryBuilder.js:646:29)
at async SelectQueryBuilder.executeEntitiesAndRawResults (E:\Desktop\postgress\node_modules\.pnpm\typeorm@0.3.17_pg@8.11.3\node_modules\typeorm\query-builder\SelectQueryBuilder.js:1973:26)
at async SelectQueryBuilder.getManyAndCount (E:\Desktop\postgress\node_modules\.pnpm\typeorm@0.3.17_pg@8.11.3\node_modules\typeorm\query-builder\SelectQueryBuilder.js:850:36)
at async getAllCourse (E:\Desktop\postgress\controllers\course.js:65:35)
 
QueryFailedError: syntax error at or near ":"
2024-01-23T11:14:32.902Z error: Error in getAllCourse
at E:\Desktop\postgress\node_modules\.pnpm\typeorm@0.3.17_pg@8.11.3\node_modules\typeorm\driver\postgres\PostgresDriver.js:605:22
at String.replace (<anonymous>)
at PostgresDriver.escapeQueryWithParameters (E:\Desktop\postgress\node_modules\.pnpm\typeorm@0.3.17_pg@8.11.3\node_modules\typeorm\driver\postgres\PostgresDriver.js:598:19)
at SelectQueryBuilder.getQueryAndParameters (E:\Desktop\postgress\node_modules\.pnpm\typeorm@0.3.17_pg@8.11.3\node_modules\typeorm\query-builder\QueryBuilder.js:276:39)
at SelectQueryBuilder.loadRawResults (E:\Desktop\postgress\node_modules\.pnpm\typeorm@0.3.17_pg@8.11.3\node_modules\typeorm\query-builder\SelectQueryBuilder.js:2149:40)
at SelectQueryBuilder.getRawMany (E:\Desktop\postgress\node_modules\.pnpm\typeorm@0.3.17_pg@8.11.3\node_modules\typeorm\query-builder\SelectQueryBuilder.js:646:40)
at SelectQueryBuilder.executeEntitiesAndRawResults (E:\Desktop\postgress\node_modules\.pnpm\typeorm@0.3.17_pg@8.11.3\node_modules\typeorm\query-builder\SelectQueryBuilder.js:1989:18)
at SelectQueryBuilder.getManyAndCount (E:\Desktop\postgress\node_modules\.pnpm\typeorm@0.3.17_pg@8.11.3\node_modules\typeorm\query-builder\SelectQueryBuilder.js:850:47)
at getAllCourse (E:\Desktop\postgress\controllers\course.js:68:8)
at process.processTicksAndRejections (node:internal/process/task_queues:95:5)
 
TypeError: value.map is not a function
2024-01-23T11:15:56.187Z error: Error in getAllCourse
at E:\Desktop\postgress\node_modules\.pnpm\typeorm@0.3.17_pg@8.11.3\node_modules\typeorm\driver\postgres\PostgresDriver.js:605:22
at String.replace (<anonymous>)
at PostgresDriver.escapeQueryWithParameters (E:\Desktop\postgress\node_modules\.pnpm\typeorm@0.3.17_pg@8.11.3\node_modules\typeorm\driver\postgres\PostgresDriver.js:598:19)
at SelectQueryBuilder.getQueryAndParameters (E:\Desktop\postgress\node_modules\.pnpm\typeorm@0.3.17_pg@8.11.3\node_modules\typeorm\query-builder\QueryBuilder.js:276:39)
at SelectQueryBuilder.loadRawResults (E:\Desktop\postgress\node_modules\.pnpm\typeorm@0.3.17_pg@8.11.3\node_modules\typeorm\query-builder\SelectQueryBuilder.js:2149:40)
at SelectQueryBuilder.getRawMany (E:\Desktop\postgress\node_modules\.pnpm\typeorm@0.3.17_pg@8.11.3\node_modules\typeorm\query-builder\SelectQueryBuilder.js:646:40)
at SelectQueryBuilder.executeEntitiesAndRawResults (E:\Desktop\postgress\node_modules\.pnpm\typeorm@0.3.17_pg@8.11.3\node_modules\typeorm\query-builder\SelectQueryBuilder.js:1989:18)
at SelectQueryBuilder.getManyAndCount (E:\Desktop\postgress\node_modules\.pnpm\typeorm@0.3.17_pg@8.11.3\node_modules\typeorm\query-builder\SelectQueryBuilder.js:850:47)
at getAllCourse (E:\Desktop\postgress\controllers\course.js:68:8)
at process.processTicksAndRejections (node:internal/process/task_queues:95:5)
 
TypeError: value.map is not a function
2024-01-23T11:19:30.084Z error: Error in getAllCourse
at E:\Desktop\postgress\controllers\course.js:62:17
at SelectQueryBuilder.getWhereCondition (E:\Desktop\postgress\node_modules\.pnpm\typeorm@0.3.17_pg@8.11.3\node_modules\typeorm\query-builder\QueryBuilder.js:1097:20)
at SelectQueryBuilder.andWhere (E:\Desktop\postgress\node_modules\.pnpm\typeorm@0.3.17_pg@8.11.3\node_modules\typeorm\query-builder\SelectQueryBuilder.js:359:29)
at getAllCourse (E:\Desktop\postgress\controllers\course.js:61:20)
at process.processTicksAndRejections (node:internal/process/task_queues:95:5)
 
TypeError: filters.forEach is not a function
2024-01-23T11:19:33.291Z error: Error in getAllCourse
at E:\Desktop\postgress\controllers\course.js:62:17
at SelectQueryBuilder.getWhereCondition (E:\Desktop\postgress\node_modules\.pnpm\typeorm@0.3.17_pg@8.11.3\node_modules\typeorm\query-builder\QueryBuilder.js:1097:20)
at SelectQueryBuilder.andWhere (E:\Desktop\postgress\node_modules\.pnpm\typeorm@0.3.17_pg@8.11.3\node_modules\typeorm\query-builder\SelectQueryBuilder.js:359:29)
at getAllCourse (E:\Desktop\postgress\controllers\course.js:61:20)
at process.processTicksAndRejections (node:internal/process/task_queues:95:5)
 
TypeError: filters.forEach is not a function
2024-01-23T11:25:23.407Z error: Error in getAllCourse
at E:\Desktop\postgress\controllers\course.js:59:17
at SelectQueryBuilder.getWhereCondition (E:\Desktop\postgress\node_modules\.pnpm\typeorm@0.3.17_pg@8.11.3\node_modules\typeorm\query-builder\QueryBuilder.js:1097:20)
at SelectQueryBuilder.andWhere (E:\Desktop\postgress\node_modules\.pnpm\typeorm@0.3.17_pg@8.11.3\node_modules\typeorm\query-builder\SelectQueryBuilder.js:359:29)
at getAllCourse (E:\Desktop\postgress\controllers\course.js:58:20)
at process.processTicksAndRejections (node:internal/process/task_queues:95:5)
 
TypeError: filters.forEach is not a function
2024-01-23T11:39:18.854Z error: Error in getAllCourse
at getAllCourse (E:\Desktop\postgress\controllers\course.js:73:8)
at process.processTicksAndRejections (node:internal/process/task_queues:95:5)
 
TypeError: queryBuilder.orderBy(...).skip(...).take(...).getRawManyAndCount is not a function
2024-01-23T11:42:14.749Z error: Error in getAllCourse
at PostgresQueryRunner.query (E:\Desktop\postgress\node_modules\.pnpm\typeorm@0.3.17_pg@8.11.3\node_modules\typeorm\driver\postgres\PostgresQueryRunner.js:211:19)
at process.processTicksAndRejections (node:internal/process/task_queues:95:5)
at async SelectQueryBuilder.loadRawResults (E:\Desktop\postgress\node_modules\.pnpm\typeorm@0.3.17_pg@8.11.3\node_modules\typeorm\query-builder\SelectQueryBuilder.js:2183:25)
at async SelectQueryBuilder.getRawMany (E:\Desktop\postgress\node_modules\.pnpm\typeorm@0.3.17_pg@8.11.3\node_modules\typeorm\query-builder\SelectQueryBuilder.js:646:29)
at async SelectQueryBuilder.executeEntitiesAndRawResults (E:\Desktop\postgress\node_modules\.pnpm\typeorm@0.3.17_pg@8.11.3\node_modules\typeorm\query-builder\SelectQueryBuilder.js:1973:26)
at async SelectQueryBuilder.getManyAndCount (E:\Desktop\postgress\node_modules\.pnpm\typeorm@0.3.17_pg@8.11.3\node_modules\typeorm\query-builder\SelectQueryBuilder.js:850:36)
at async getAllCourse (E:\Desktop\postgress\controllers\course.js:70:35)
 
QueryFailedError: invalid input syntax for type integer: ""
2024-01-23T11:42:22.627Z error: Error in getAllCourse
at PostgresQueryRunner.query (E:\Desktop\postgress\node_modules\.pnpm\typeorm@0.3.17_pg@8.11.3\node_modules\typeorm\driver\postgres\PostgresQueryRunner.js:211:19)
at process.processTicksAndRejections (node:internal/process/task_queues:95:5)
at async SelectQueryBuilder.loadRawResults (E:\Desktop\postgress\node_modules\.pnpm\typeorm@0.3.17_pg@8.11.3\node_modules\typeorm\query-builder\SelectQueryBuilder.js:2183:25)
at async SelectQueryBuilder.getRawMany (E:\Desktop\postgress\node_modules\.pnpm\typeorm@0.3.17_pg@8.11.3\node_modules\typeorm\query-builder\SelectQueryBuilder.js:646:29)
at async SelectQueryBuilder.executeEntitiesAndRawResults (E:\Desktop\postgress\node_modules\.pnpm\typeorm@0.3.17_pg@8.11.3\node_modules\typeorm\query-builder\SelectQueryBuilder.js:1973:26)
at async SelectQueryBuilder.getManyAndCount (E:\Desktop\postgress\node_modules\.pnpm\typeorm@0.3.17_pg@8.11.3\node_modules\typeorm\query-builder\SelectQueryBuilder.js:850:36)
at async getAllCourse (E:\Desktop\postgress\controllers\course.js:70:35)
 
QueryFailedError: invalid input syntax for type integer: ""
2024-01-23T11:42:31.635Z error: Error in getAllCourse
at PostgresQueryRunner.query (E:\Desktop\postgress\node_modules\.pnpm\typeorm@0.3.17_pg@8.11.3\node_modules\typeorm\driver\postgres\PostgresQueryRunner.js:211:19)
at process.processTicksAndRejections (node:internal/process/task_queues:95:5)
at async SelectQueryBuilder.loadRawResults (E:\Desktop\postgress\node_modules\.pnpm\typeorm@0.3.17_pg@8.11.3\node_modules\typeorm\query-builder\SelectQueryBuilder.js:2183:25)
at async SelectQueryBuilder.getRawMany (E:\Desktop\postgress\node_modules\.pnpm\typeorm@0.3.17_pg@8.11.3\node_modules\typeorm\query-builder\SelectQueryBuilder.js:646:29)
at async SelectQueryBuilder.executeEntitiesAndRawResults (E:\Desktop\postgress\node_modules\.pnpm\typeorm@0.3.17_pg@8.11.3\node_modules\typeorm\query-builder\SelectQueryBuilder.js:1973:26)
at async SelectQueryBuilder.getManyAndCount (E:\Desktop\postgress\node_modules\.pnpm\typeorm@0.3.17_pg@8.11.3\node_modules\typeorm\query-builder\SelectQueryBuilder.js:850:36)
at async getAllCourse (E:\Desktop\postgress\controllers\course.js:70:35)
 
QueryFailedError: invalid input syntax for type integer: ""
2024-01-23T12:33:48.701Z error: Error in getAllCourse
at SelectQueryBuilder.findColumnsForPropertyPath (E:\Desktop\postgress\node_modules\.pnpm\typeorm@0.3.17_pg@8.11.3\node_modules\typeorm\query-builder\QueryBuilder.js:899:19)
at SelectQueryBuilder.getPredicates (E:\Desktop\postgress\node_modules\.pnpm\typeorm@0.3.17_pg@8.11.3\node_modules\typeorm\query-builder\QueryBuilder.js:973:66)
at getPredicates.next (<anonymous>)
at SelectQueryBuilder.getWhereCondition (E:\Desktop\postgress\node_modules\.pnpm\typeorm@0.3.17_pg@8.11.3\node_modules\typeorm\query-builder\QueryBuilder.js:1104:50)
at SelectQueryBuilder.andWhere (E:\Desktop\postgress\node_modules\.pnpm\typeorm@0.3.17_pg@8.11.3\node_modules\typeorm\query-builder\SelectQueryBuilder.js:359:29)
at getAllCourse (E:\Desktop\postgress\controllers\course.js:64:20)
at process.processTicksAndRejections (node:internal/process/task_queues:95:5)
 
EntityPropertyNotFoundError: Property "filter.name" was not found in "Course". Make sure your query is correct.
2024-01-23T12:33:54.152Z error: Error in getAllCourse
at SelectQueryBuilder.findColumnsForPropertyPath (E:\Desktop\postgress\node_modules\.pnpm\typeorm@0.3.17_pg@8.11.3\node_modules\typeorm\query-builder\QueryBuilder.js:899:19)
at SelectQueryBuilder.getPredicates (E:\Desktop\postgress\node_modules\.pnpm\typeorm@0.3.17_pg@8.11.3\node_modules\typeorm\query-builder\QueryBuilder.js:973:66)
at getPredicates.next (<anonymous>)
at SelectQueryBuilder.getWhereCondition (E:\Desktop\postgress\node_modules\.pnpm\typeorm@0.3.17_pg@8.11.3\node_modules\typeorm\query-builder\QueryBuilder.js:1104:50)
at SelectQueryBuilder.andWhere (E:\Desktop\postgress\node_modules\.pnpm\typeorm@0.3.17_pg@8.11.3\node_modules\typeorm\query-builder\SelectQueryBuilder.js:359:29)
at getAllCourse (E:\Desktop\postgress\controllers\course.js:64:20)
at process.processTicksAndRejections (node:internal/process/task_queues:95:5)
 
EntityPropertyNotFoundError: Property "filter.name" was not found in "Course". Make sure your query is correct.
2024-01-23T12:59:20.241Z error: Error in getAllCourse
at getAllCourse (E:\Desktop\postgress\controllers\course.js:64:13)
at process.processTicksAndRejections (node:internal/process/task_queues:95:5)
 
ReferenceError: Brackets is not defined
2024-01-23T13:00:24.303Z error: Error in getAllCourse
at PostgresQueryRunner.query (E:\Desktop\postgress\node_modules\.pnpm\typeorm@0.3.17_pg@8.11.3\node_modules\typeorm\driver\postgres\PostgresQueryRunner.js:211:19)
at process.processTicksAndRejections (node:internal/process/task_queues:95:5)
at async SelectQueryBuilder.loadRawResults (E:\Desktop\postgress\node_modules\.pnpm\typeorm@0.3.17_pg@8.11.3\node_modules\typeorm\query-builder\SelectQueryBuilder.js:2183:25)
at async SelectQueryBuilder.getRawMany (E:\Desktop\postgress\node_modules\.pnpm\typeorm@0.3.17_pg@8.11.3\node_modules\typeorm\query-builder\SelectQueryBuilder.js:646:29)
at async SelectQueryBuilder.executeEntitiesAndRawResults (E:\Desktop\postgress\node_modules\.pnpm\typeorm@0.3.17_pg@8.11.3\node_modules\typeorm\query-builder\SelectQueryBuilder.js:1973:26)
at async SelectQueryBuilder.getManyAndCount (E:\Desktop\postgress\node_modules\.pnpm\typeorm@0.3.17_pg@8.11.3\node_modules\typeorm\query-builder\SelectQueryBuilder.js:850:36)
at async getAllCourse (E:\Desktop\postgress\controllers\course.js:71:35)
 
QueryFailedError: invalid input syntax for type integer: ""
2024-01-23T13:09:16.698Z error: Error in getAllCourse
at PostgresQueryRunner.query (E:\Desktop\postgress\node_modules\.pnpm\typeorm@0.3.17_pg@8.11.3\node_modules\typeorm\driver\postgres\PostgresQueryRunner.js:211:19)
at process.processTicksAndRejections (node:internal/process/task_queues:95:5)
at async DataSource.query (E:\Desktop\postgress\node_modules\.pnpm\typeorm@0.3.17_pg@8.11.3\node_modules\typeorm\data-source\DataSource.js:345:20)
at async getAllCourse (E:\Desktop\postgress\controllers\course.js:70:35)
 
QueryFailedError: column course.categoryid does not exist
2024-01-23T13:09:45.414Z error: Error in getAllCourse
at PostgresQueryRunner.query (E:\Desktop\postgress\node_modules\.pnpm\typeorm@0.3.17_pg@8.11.3\node_modules\typeorm\driver\postgres\PostgresQueryRunner.js:211:19)
at process.processTicksAndRejections (node:internal/process/task_queues:95:5)
at async DataSource.query (E:\Desktop\postgress\node_modules\.pnpm\typeorm@0.3.17_pg@8.11.3\node_modules\typeorm\data-source\DataSource.js:345:20)
at async getAllCourse (E:\Desktop\postgress\controllers\course.js:69:35)
 
QueryFailedError: column course.filterid does not exist
2024-01-23T13:10:59.423Z error: Error in getAllCourse
at PostgresQueryRunner.query (E:\Desktop\postgress\node_modules\.pnpm\typeorm@0.3.17_pg@8.11.3\node_modules\typeorm\driver\postgres\PostgresQueryRunner.js:211:19)
at process.processTicksAndRejections (node:internal/process/task_queues:95:5)
at async DataSource.query (E:\Desktop\postgress\node_modules\.pnpm\typeorm@0.3.17_pg@8.11.3\node_modules\typeorm\data-source\DataSource.js:345:20)
at async getAllCourse (E:\Desktop\postgress\controllers\course.js:64:35)
 
QueryFailedError: column course.filterid does not exist
2024-01-23T13:12:25.892Z error: Error in getAllCourse
at PostgresQueryRunner.query (E:\Desktop\postgress\node_modules\.pnpm\typeorm@0.3.17_pg@8.11.3\node_modules\typeorm\driver\postgres\PostgresQueryRunner.js:211:19)
at process.processTicksAndRejections (node:internal/process/task_queues:95:5)
at async DataSource.query (E:\Desktop\postgress\node_modules\.pnpm\typeorm@0.3.17_pg@8.11.3\node_modules\typeorm\data-source\DataSource.js:345:20)
at async getAllCourse (E:\Desktop\postgress\controllers\course.js:66:35)
 
QueryFailedError: column course.categoryid does not exist
2024-01-23T13:12:38.338Z error: Error in getAllCourse
at PostgresQueryRunner.query (E:\Desktop\postgress\node_modules\.pnpm\typeorm@0.3.17_pg@8.11.3\node_modules\typeorm\driver\postgres\PostgresQueryRunner.js:211:19)
at process.processTicksAndRejections (node:internal/process/task_queues:95:5)
at async DataSource.query (E:\Desktop\postgress\node_modules\.pnpm\typeorm@0.3.17_pg@8.11.3\node_modules\typeorm\data-source\DataSource.js:345:20)
at async getAllCourse (E:\Desktop\postgress\controllers\course.js:65:35)
 
QueryFailedError: column course.imageurl does not exist
2024-01-23T13:14:03.679Z error: Error in getAllCourse
at PostgresQueryRunner.query (E:\Desktop\postgress\node_modules\.pnpm\typeorm@0.3.17_pg@8.11.3\node_modules\typeorm\driver\postgres\PostgresQueryRunner.js:211:19)
at process.processTicksAndRejections (node:internal/process/task_queues:95:5)
at async DataSource.query (E:\Desktop\postgress\node_modules\.pnpm\typeorm@0.3.17_pg@8.11.3\node_modules\typeorm\data-source\DataSource.js:345:20)
at async getAllCourse (E:\Desktop\postgress\controllers\course.js:66:35)
 
QueryFailedError: column course.categoryid does not exist
2024-01-23T13:14:14.036Z error: Error in getAllCourse
at PostgresQueryRunner.query (E:\Desktop\postgress\node_modules\.pnpm\typeorm@0.3.17_pg@8.11.3\node_modules\typeorm\driver\postgres\PostgresQueryRunner.js:211:19)
at process.processTicksAndRejections (node:internal/process/task_queues:95:5)
at async DataSource.query (E:\Desktop\postgress\node_modules\.pnpm\typeorm@0.3.17_pg@8.11.3\node_modules\typeorm\data-source\DataSource.js:345:20)
at async getAllCourse (E:\Desktop\postgress\controllers\course.js:65:35)
 
QueryFailedError: column course.imageurl does not exist
2024-01-23T13:14:30.777Z error: Error in getAllCourse
at PostgresQueryRunner.query (E:\Desktop\postgress\node_modules\.pnpm\typeorm@0.3.17_pg@8.11.3\node_modules\typeorm\driver\postgres\PostgresQueryRunner.js:211:19)
at process.processTicksAndRejections (node:internal/process/task_queues:95:5)
at async DataSource.query (E:\Desktop\postgress\node_modules\.pnpm\typeorm@0.3.17_pg@8.11.3\node_modules\typeorm\data-source\DataSource.js:345:20)
at async getAllCourse (E:\Desktop\postgress\controllers\course.js:65:35)
 
QueryFailedError: column course.imageurl does not exist
2024-01-23T13:15:12.308Z error: Error in getAllCourse
at PostgresQueryRunner.query (E:\Desktop\postgress\node_modules\.pnpm\typeorm@0.3.17_pg@8.11.3\node_modules\typeorm\driver\postgres\PostgresQueryRunner.js:211:19)
at process.processTicksAndRejections (node:internal/process/task_queues:95:5)
at async DataSource.query (E:\Desktop\postgress\node_modules\.pnpm\typeorm@0.3.17_pg@8.11.3\node_modules\typeorm\data-source\DataSource.js:345:20)
at async getAllCourse (E:\Desktop\postgress\controllers\course.js:65:35)
 
QueryFailedError: column course.bannerurl does not exist
2024-01-23T13:15:12.328Z error: Error in getAllCourse
at PostgresQueryRunner.query (E:\Desktop\postgress\node_modules\.pnpm\typeorm@0.3.17_pg@8.11.3\node_modules\typeorm\driver\postgres\PostgresQueryRunner.js:211:19)
at process.processTicksAndRejections (node:internal/process/task_queues:95:5)
at async DataSource.query (E:\Desktop\postgress\node_modules\.pnpm\typeorm@0.3.17_pg@8.11.3\node_modules\typeorm\data-source\DataSource.js:345:20)
at async getAllCourse (E:\Desktop\postgress\controllers\course.js:65:35)
 
QueryFailedError: column course.bannerurl does not exist
2024-01-23T13:21:46.943Z error: Error in getCourseById for courseId allcourses
 
[object Object]
2024-01-24T09:21:54.143Z error: Error in getAllFiltersWithQuery >> QueryFailedError: column course.grade does not exist 
2024-01-24T09:23:02.192Z error: Error in getAllFiltersWithQuery >> QueryFailedError: column course.grade does not exist 
2024-01-24T09:23:20.855Z error: Error in getAllFiltersWithQuery >> QueryFailedError: column course.grade does not exist 
2024-01-24T09:25:16.021Z error: Error in getAllFiltersWithQuery >> QueryFailedError: column filters.grade does not exist 
2024-01-24T09:26:24.185Z error: Error in getAllFiltersWithQuery >> EntityPropertyNotFoundError: Property "0" was not found in "Course". Make sure your query is correct. 
2024-01-24T09:26:39.275Z error: Error in getAllFiltersWithQuery >> EntityPropertyNotFoundError: Property "0" was not found in "Course". Make sure your query is correct. 
2024-01-24T09:26:43.635Z error: Error in getAllFiltersWithQuery >> EntityPropertyNotFoundError: Property "0" was not found in "Course". Make sure your query is correct. 
2024-01-24T17:31:39.423Z error: Error in createFilter >> TypeError: children.map is not a function 
2024-01-24T19:04:51.498Z error: Error in getAllFiltersWithQuery >> EntityPropertyNotFoundError: Property "0" was not found in "Course". Make sure your query is correct. 
2024-01-24T21:01:32.339Z error: Error in getAllFiltersForCourses >> QueryFailedError: function group_concat(integer) does not exist 
2024-01-24T21:03:15.506Z error: Error in getAllFiltersForCourses >> TypeError: searchQuery.split is not a function 
2024-01-24T21:05:22.580Z error: Error in getAllFiltersForCourses >> QueryFailedError: syntax error at or near ":" 
2024-01-24T21:05:38.709Z error: Error in getAllFiltersForCourses >> QueryFailedError: syntax error at or near ":" 
2024-01-24T21:06:13.745Z error: Error in getAllFiltersForCourses >> ReferenceError: filterIds is not defined 
2024-01-24T21:06:44.591Z error: Error in getAllFiltersForCourses >> ReferenceError: filterIds is not defined 
2024-01-24T21:10:10.196Z error: Error in getAllFiltersForCourses >> QueryFailedError: invalid input syntax for type integer: "NaN" 
2024-01-24T21:10:31.855Z error: Error in getAllFiltersForCourses >> QueryFailedError: invalid input syntax for type integer: "NaN" 
2024-01-25T08:48:52.506Z error: Error in getAllFiltersForCourses >> QueryFailedError: column "filter.id" must appear in the GROUP BY clause or be used in an aggregate function 
2024-01-25T08:48:55.279Z error: Error in getAllFiltersForCourses >> QueryFailedError: column "filter.id" must appear in the GROUP BY clause or be used in an aggregate function 
2024-01-25T08:50:11.302Z error: Error in getAllFiltersForCourses >> QueryFailedError: column "filter.id" must appear in the GROUP BY clause or be used in an aggregate function 
2024-01-25T08:51:15.841Z error: Error in getAllFiltersForCourses >> QueryFailedError: syntax error at or near "ARRAY" 
2024-01-25T08:51:49.933Z error: Error in getAllFiltersForCourses >> QueryFailedError: column "filter.id" must appear in the GROUP BY clause or be used in an aggregate function 
2024-01-25T08:51:53.533Z error: Error in getAllFiltersForCourses >> QueryFailedError: column "filter.id" must appear in the GROUP BY clause or be used in an aggregate function 
2024-01-27T10:06:18.902Z error: Error in getAllFiltersForCourses >> QueryFailedError: column course.image does not exist 
2024-01-28T10:19:26.228Z error: Error in getCourseUserWithToken: ReferenceError: Cannot access 'enrolledCourses' before initialization 
2024-01-28T10:19:58.468Z error: Error in getCourseUserWithToken: ReferenceError: Cannot access 'enrolledCourses' before initialization 
2024-01-28T10:20:39.826Z error: Error in getCourseUserWithToken: ReferenceError: Cannot access 'enrolledCourses' before initialization 
2024-01-28T10:20:53.317Z error: Error in getCourseUserWithToken: ReferenceError: Cannot access 'enrolledCourses' before initialization 
2024-01-28T10:21:13.292Z error: Error in getCourseUserWithToken: ReferenceError: Cannot access 'enrolledCourses' before initialization 
2024-01-31T11:53:05.768Z error: Error in getCourseUserWithToken: TypeError: Cannot read properties of null (reading 'phone') 
2024-02-14T08:44:22.487Z error: Error in deleteUsers TypeError: Cannot read properties of undefined (reading 'tableName') 
2024-02-14T08:44:51.276Z error: Error in deleteUsers TypeError: Cannot read properties of undefined (reading 'tableName') 
2024-02-14T08:48:39.073Z error: Error in deleteUsers EntityMetadataNotFoundError: No metadata for "[object Object]" was found. 
2024-02-14T08:49:09.679Z error: Error in deleteUsers EntityMetadataNotFoundError: No metadata for "[object Object]" was found. 
2024-02-14T08:49:54.819Z error: Error in deleteUsers TypeError: Cannot read properties of undefined (reading 'tableName') 
2024-02-14T08:51:31.971Z error: Error in deleteUsers TypeError: Cannot read properties of undefined (reading 'tableName') 
2024-02-14T08:52:31.563Z error: Error in deleteUsers TypeError: Cannot read properties of undefined (reading 'tableName') 
2024-02-14T08:52:45.604Z error: Error in deleteUsers TypeError: Cannot read properties of undefined (reading 'tableName') 
2024-02-14T09:14:37.749Z error: Error in deleteUsers TypeError: Cannot read properties of undefined (reading 'tableName') 
2024-02-14T09:15:59.547Z error: Error in deleteUsers ReferenceError: User is not defined 
2024-02-14T09:16:18.570Z error: Error in deleteUsers TypeError: Cannot read properties of undefined (reading 'tableName') 
2024-02-14T09:19:40.740Z error: Error in deleteUsers TypeError: Cannot read properties of undefined (reading 'tableName') 
2024-02-14T09:22:42.041Z error: Error in deleteUsers TypeError: Cannot read properties of undefined (reading 'tableName') 
2024-02-14T09:27:32.280Z error: Error in deleteUsers TypeError: Cannot read properties of undefined (reading 'tableName') 
2024-02-14T09:28:47.976Z error: Error in deleteUsers TypeError: Cannot read properties of undefined (reading 'tableName') 
2024-02-14T09:31:26.868Z error: Error in deleteUsers EntityMetadataNotFoundError: No metadata for "EntitySchema" was found. 
2024-02-14T09:31:48.756Z error: Error in deleteUsers CannotDetermineEntityError: Cannot remove, given value must be instance of entity class, instead object literal is given. Or you must specify an entity target to method call. 
2024-02-14T09:33:30.715Z error: Error in deleteUsers TypeError: Cannot read properties of undefined (reading 'tableName') 
2024-02-14T09:36:51.310Z error: Error in deleteUsers TypeError: Cannot read properties of undefined (reading 'tableName') 
2024-02-14T09:37:39.830Z error: Error in deleteUsers TypeError: Cannot read properties of undefined (reading 'tableName') 
2024-02-14T09:43:19.127Z error: Error in deleteUsers TypeError: Cannot read properties of undefined (reading 'tableName') 
2024-02-14T09:43:48.747Z error: Error in deleteUsers TypeError: Cannot read properties of undefined (reading 'tableName') 
2024-02-14T09:45:34.870Z error: Error in deleteUsers TypeError: Cannot read properties of undefined (reading 'tableName') 
2024-02-14T09:45:54.678Z error: Error in deleteUsers TypeError: Cannot read properties of undefined (reading 'tableName') 
2024-02-14T09:46:11.206Z error: Error in deleteUsers TypeError: Cannot read properties of undefined (reading 'tableName') 
2024-02-14T09:47:38.747Z error: Error in deleteUsers EntityMetadataNotFoundError: No metadata for "undefined" was found. 
2024-02-14T09:49:37.417Z error: Error in deleteUsers TypeError: Cannot read properties of undefined (reading 'tableName') 
2024-02-14T09:49:53.525Z error: Error in deleteUsers TypeError: Cannot read properties of undefined (reading 'tableName') 
2024-02-14T09:50:49.169Z error: Error in deleteUsers TypeError: Cannot read properties of undefined (reading 'tableName') 
2024-02-14T09:52:18.902Z error: Error in deleteUsers TypeError: Cannot read properties of undefined (reading 'tableName') 
2024-02-14T09:53:56.524Z error: Error in deleteUsers TypeError: Cannot read properties of undefined (reading 'tableName') 
2024-02-14T09:54:44.603Z error: Error in deleteUsers TypeError: Cannot read properties of undefined (reading 'tableName') 
2024-02-14T09:55:17.849Z error: Error in deleteUsers TypeError: Converting circular structure to JSON
    --> starting at object with constructor 'EntityMetadata'
    |     property 'ownColumns' -> object with constructor 'Array'
    |     index 0 -> object with constructor 'ColumnMetadata'
    --- property 'entityMetadata' closes the circle 
2024-02-14T10:29:36.953Z error: Error in deleteUsers TypeError: Cannot read properties of undefined (reading 'tableName') 
2024-02-14T11:05:48.479Z error: Error in deleteUsers TypeError: Cannot read properties of undefined (reading 'tableName') 
2024-02-14T11:05:54.361Z error: Error in deleteUsers TypeError: Cannot read properties of undefined (reading 'tableName') 
2024-02-14T11:06:00.148Z error: Error in deleteUsers TypeError: Cannot read properties of null (reading 'phone') 
2024-02-14T11:06:06.380Z error: Error in deleteUsers TypeError: Cannot read properties of undefined (reading 'tableName') 
2024-02-14T11:06:19.374Z error: Error in deleteUsers TypeError: Cannot read properties of null (reading 'phone') 
2024-02-14T11:18:17.311Z error: Error in deleteUsers TypeError: Cannot read properties of null (reading 'phone') 
2024-02-14T11:20:11.080Z error: Error in deleteUsers TypeError: Cannot read properties of null (reading 'phone') 
2024-02-14T11:20:32.737Z error: Error in deleteUsers TypeError: Cannot read properties of undefined (reading 'tableName') 
2024-02-14T11:28:39.214Z error: Error in deleteUsers TypeError: Cannot read properties of undefined (reading 'tableName') 
2024-02-14T11:39:30.210Z error: error in delUser async function delUser(req, res) {
  try {
    const phone = req.body.phone;

    const userRepository = getManager().getRepository(User);
    const del = await userRepository.findOne({ where: { phone: phone } });

    if (del) {
      await userRepository.remove(del);
      res.status(200).json({ message: "  " });
    } else {
      res.status(404).json({ error: "   " });
    }
  } catch {
    logger.error(`error in delUser ${delUser}`);
    res.status(500).json("EROOOOOOOOOOR");
  }
} 
2024-02-14T11:40:15.256Z error: error in delUser async function delUser(req, res) {
  try {
    const phone = req.body.phone;

    const userRepository = getManager().getRepository(User);
    const del = await userRepository.findOne({ where: { phone: phone } });

    if (del) {
      await userRepository.remove(del);
      res.status(200).json({ message: "  " });
    } else {
      res.status(404).json({ error: "   " });
    }
  } catch {
    logger.error(`error in delUser ${delUser}`);
    res.status(500).json({ error: "EROOOOOOOOOOR" });
  }
} 
2024-02-14T11:40:49.888Z error: error in delUser TypeError: Cannot read properties of undefined (reading 'tableName') 
2024-02-14T11:42:19.952Z error: Error in deleteUsers TypeError: Cannot read properties of undefined (reading 'tableName') 
2024-02-14T11:42:38.217Z error: Error in deleteUsers TypeError: Cannot read properties of undefined (reading 'tableName') 
2024-02-17T06:14:01.371Z error: Error in registerUser quiz24 ReferenceError: quiz24 is not defined 
2024-02-17T06:17:11.201Z error: Error in registerUser quiz24 RangeError [ERR_HTTP_INVALID_STATUS_CODE]: Invalid status code: undefined 
2024-02-17T06:19:50.919Z error: Error in registerUser quiz24 RangeError [ERR_HTTP_INVALID_STATUS_CODE]: Invalid status code: undefined 
2024-02-17T06:19:53.470Z error: Error in registerUser quiz24 RangeError [ERR_HTTP_INVALID_STATUS_CODE]: Invalid status code: undefined 
2024-02-17T06:19:56.883Z error: Error in registerUser quiz24 RangeError [ERR_HTTP_INVALID_STATUS_CODE]: Invalid status code: undefined 
2024-02-17T06:20:27.779Z error: Error in registerUser quiz24 RangeError [ERR_HTTP_INVALID_STATUS_CODE]: Invalid status code: undefined 
2024-02-17T06:21:28.958Z error: Error in registerUser quiz24 RangeError [ERR_HTTP_INVALID_STATUS_CODE]: Invalid status code: undefined 
2024-02-17T06:21:57.693Z error: Error in registerUser quiz24 RangeError [ERR_HTTP_INVALID_STATUS_CODE]: Invalid status code: undefined 
2024-02-17T06:22:34.946Z error: Error in registerUser quiz24 RangeError [ERR_HTTP_INVALID_STATUS_CODE]: Invalid status code: undefined 
2024-02-17T06:23:14.364Z error: Error in registerUser quiz24 RangeError [ERR_HTTP_INVALID_STATUS_CODE]: Invalid status code: undefined 
2024-02-17T06:24:22.320Z error: Error in registerUser quiz24 Error: Client network socket disconnected before secure TLS connection was established 
2024-02-17T06:24:30.844Z error: Error in registerUser quiz24 TypeError: Converting circular structure to JSON
    --> starting at object with constructor 'ClientRequest'
    |     property 'socket' -> object with constructor 'TLSSocket'
    --- property '_httpMessage' closes the circle 
2024-02-17T08:05:23.393Z error: Error in examResult quiz24 AxiosError: timeout of 1000ms exceeded 
2024-02-17T08:06:17.674Z error: Error in examResult quiz24 AxiosError: timeout of 1000ms exceeded 
2024-02-17T08:43:13.178Z error: Error in examResult quiz24 Error: Client network socket disconnected before secure TLS connection was established 
2024-02-17T08:44:03.392Z error: Error in examResult quiz24 Error: Client network socket disconnected before secure TLS connection was established 
2024-02-17T08:44:30.278Z error: Error in examResult quiz24 Error: Client network socket disconnected before secure TLS connection was established 
2024-02-18T11:06:47.317Z error: Error in ExamCode EntityMetadataNotFoundError: No metadata for "Quiz" was found. 
2024-02-18T11:26:44.329Z error: Error in updateExamCode Error: You must provide selection conditions in order to find a single row. 
2024-02-18T11:29:20.349Z error: Error in deleteExamCode Error: You must provide selection conditions in order to find a single row. 
2024-03-03T07:30:51.770Z error: Error in ExamCode QueryFailedError: invalid input syntax for type timestamp: "0NaN-NaN-NaNTNaN:NaN:NaN.NaN+NaN:NaN" 
2024-03-03T07:31:10.615Z error: Error in ExamCode QueryFailedError: invalid input syntax for type integer: "2022-12-31 00:00:00" 
2024-03-03T07:31:23.897Z error: Error in ExamCode QueryFailedError: invalid input syntax for type integer: "2022-12-31 00:00:00" 
2024-03-06T07:42:58.091Z error: error in cartTocartPayment : ReferenceError: cartItems is not defined 
2024-03-06T07:45:24.242Z error: error in cartTocartPayment : ReferenceError: userPhone is not defined 
2024-03-06T07:46:36.030Z error: error in cartTocartPayment : ReferenceError: Cannot access 'savedOrder' before initialization 
2024-03-06T07:46:53.514Z error: error in cartTocartPayment : TypeError: Cannot read properties of undefined (reading 'getRepository') 
2024-03-06T07:47:28.919Z error: error in cartTocartPayment : TypeError: Cannot read properties of undefined (reading 'getRepository') 
2024-03-06T07:49:06.150Z error: error in cartTocartPayment : QueryFailedError: duplicate key value violates unique constraint "PK_7c0f752f9fb68bf6ed7367ab00f" 
2024-03-06T07:49:44.924Z error: error in cartTocartPayment : TypeError: Cannot read properties of undefined (reading 'getRepository') 
2024-03-11T07:06:58.085Z error: Error in getCourseUserWithToken: QueryFailedError: syntax error at or near ":" 
2024-03-11T07:07:37.812Z error: Error in getCourseUserWithToken: ReferenceError: id is not defined 
2024-03-11T07:08:30.382Z error: Error in getCourseUserWithToken: ReferenceError: courseId is not defined 
2024-03-11T07:28:30.851Z error: Error in getAllExamCodes ReferenceError: getManager is not defined 
2024-03-12T09:05:29.324Z error: Error in getAllExamCodes TypeError: Cannot read properties of undefined (reading 'id') 
2024-03-12T09:07:42.368Z error: Error in getAllExamCodes TypeError: Cannot read properties of undefined (reading 'id') 
2024-03-12T09:08:11.514Z error: Error in getAllExamCodes ReferenceError: Cannot access 'isEnrolled' before initialization 
2024-03-12T09:08:42.520Z error: Error in getAllExamCodes TypeError: Cannot read properties of undefined (reading 'id') 
2024-03-12T12:08:34.528Z error: Error in getPartsCourseUserWithToken: TypeORMError: Relation with property path part in entity was not found. 
2024-03-12T12:09:00.244Z error: Error in getPartsCourseUserWithToken: TypeORMError: Relation with property path part in entity was not found. 
2024-03-12T12:26:23.956Z error: Error in getPartsCourseUserWithToken: TypeORMError: Relation with property path part in entity was not found. 
2024-03-12T12:29:23.338Z error: Error in getPartsCourseUserWithToken: TypeORMError: Relation with property path part in entity was not found. 
2024-03-12T12:31:28.217Z error: Error in getPartsCourseUserWithToken: TypeORMError: Relation with property path part in entity was not found. 
2024-03-12T12:37:40.358Z error: Error in getPartsCourseUserWithToken: QueryFailedError: column part.name does not exist 
2024-03-16T06:16:00.567Z error: Error in getCourseUserWithToken: ReferenceError: query is not defined 
